<?xml version="1.0" encoding="UTF-8"?>
<!-- Generated by org.testng.reporters.JUnitXMLReporter -->
<testsuite ignored="0" hostname="W0230784" failures="0" tests="3" name="Surefire test" time="0.061" errors="0" timestamp="28 Aug 2021 14:11:41 GMT">
  <testcase classname="learning.framework.SBIBankTest" name="homeLoan" time="0.013"/>
  <testcase classname="learning.framework.SBIBankTest" name="educationLoan" time="0.0"/>
  <testcase classname="learning.framework.SBIBankTest" name="carLoan" time="0.0"/>
</testsuite> <!-- Surefire test -->
