<?xml version="1.0" encoding="UTF-8"?>
<testsuite xmlns:xsi="http://www.w3.org/2001/XMLSchema-instance" xsi:noNamespaceSchemaLocation="https://maven.apache.org/surefire/maven-surefire-plugin/xsd/surefire-test-report.xsd" name="TestSuite" time="1.862" tests="19" errors="0" skipped="0" failures="1">
  <properties>
[...]
</properties>
  <testcase name="homeLoan" classname="learning.framework.HDFCBank" time="0.016"/>
  <testcase name="readWriteMethod" classname="learning.framework.HDFCBank" time="0.004"/>
  <testcase name="cardOffers" classname="learning.framework.HDFCBankCreditCard" time="0.004"/>
  <testcase name="cardStatements" classname="learning.framework.HDFCBankCreditCard" time="0.01"/>
  <testcase name="creditCardCharges" classname="learning.framework.HDFCBankCreditCard" time="0.006"/>
  <testcase name="homeLoan" classname="learning.framework.SBIBank" time="0.006"/>
  <testcase name="educationLoan" classname="learning.framework.SBIBank" time="0.006"/>
  <testcase name="carLoan" classname="learning.framework.SBIBank" time="0.002"/>
  <testcase name="cardOffers" classname="learning.framework.SBIBankCreditCard" time="0.006"/>
  <testcase name="cardStatements" classname="learning.framework.SBIBankCreditCard" time="0.001"/>
  <testcase name="creditCardCharges" classname="learning.framework.SBIBankCreditCard" time="0.022">
    <failure message="expected [true] but found [false]" type="java.lang.AssertionError">java.lang.AssertionError: expected [true] but found [false]
	at learning.framework.SBIBankCreditCard.creditCardCharges(SBIBankCreditCard.java:33)
</failure>
    <system-out><![CDATA[SBI Credit Card Charges
Test Failed with error - Errored Method Name creditCardCharges
]]></system-out>
  </testcase>
  <testcase name="carLoan" classname="learning.framework.ICICIBank" time="0.005"/>
  <testcase name="educationLoan" classname="learning.framework.ICICIBank" time="0.005"/>
  <testcase name="homeLoan" classname="learning.framework.ICICIBank" time="0.008"/>
  <testcase name="homeLoan" classname="learning.framework.ICICIBank" time="0.018"/>
  <testcase name="homeLoan" classname="learning.framework.ICICIBank" time="0.01"/>
  <testcase name="cardOffers" classname="learning.framework.ICICIBankCreditCard" time="0.004"/>
  <testcase name="cardStatements" classname="learning.framework.ICICIBankCreditCard" time="0.005"/>
  <testcase name="creditCardCharges" classname="learning.framework.ICICIBankCreditCard" time="0.001"/>
</testsuite>