<?xml version="1.0" encoding="UTF-8"?>
<testng-results skipped="0" failed="1" ignored="2" total="21" passed="18">
  <reporter-output>
  </reporter-output>
  <suite name="BankLoans" duration-ms="196" started-at="2021-08-28T17:58:36Z" finished-at="2021-08-28T17:58:36Z">
    <groups>
      <group name="smoke">
        <method signature="HDFCBankCreditCard.cardOffers()[pri:0, instance:learning.framework.HDFCBankCreditCard@6b2fad11]" name="cardOffers" class="learning.framework.HDFCBankCreditCard"/>
        <method signature="HDFCBankCreditCard.cardStatements()[pri:0, instance:learning.framework.HDFCBankCreditCard@6b2fad11]" name="cardStatements" class="learning.framework.HDFCBankCreditCard"/>
        <method signature="SBIBankCreditCard.cardOffers()[pri:0, instance:learning.framework.SBIBankCreditCard@4909b8da]" name="cardOffers" class="learning.framework.SBIBankCreditCard"/>
        <method signature="SBIBankCreditCard.cardStatements()[pri:0, instance:learning.framework.SBIBankCreditCard@4909b8da]" name="cardStatements" class="learning.framework.SBIBankCreditCard"/>
        <method signature="ICICIBankCreditCard.cardOffers()[pri:0, instance:learning.framework.ICICIBankCreditCard@52af6cff]" name="cardOffers" class="learning.framework.ICICIBankCreditCard"/>
        <method signature="ICICIBankCreditCard.cardStatements()[pri:0, instance:learning.framework.ICICIBankCreditCard@52af6cff]" name="cardStatements" class="learning.framework.ICICIBankCreditCard"/>
      </group> <!-- smoke -->
      <group name="sanity">
        <method signature="HDFCBankCreditCard.cardStatements()[pri:0, instance:learning.framework.HDFCBankCreditCard@6b2fad11]" name="cardStatements" class="learning.framework.HDFCBankCreditCard"/>
        <method signature="SBIBankCreditCard.cardStatements()[pri:0, instance:learning.framework.SBIBankCreditCard@4909b8da]" name="cardStatements" class="learning.framework.SBIBankCreditCard"/>
        <method signature="ICICIBankCreditCard.cardStatements()[pri:0, instance:learning.framework.ICICIBankCreditCard@52af6cff]" name="cardStatements" class="learning.framework.ICICIBankCreditCard"/>
      </group> <!-- sanity -->
    </groups>
    <test name="HDFC Bank Details" duration-ms="51" started-at="2021-08-28T17:58:36Z" finished-at="2021-08-28T17:58:36Z">
      <class name="learning.framework.HDFCBank">
        <test-method status="PASS" signature="homeLoan(java.lang.String, java.lang.String, java.lang.String, java.lang.String)[pri:0, instance:learning.framework.HDFCBank@79b4d0f]" name="homeLoan" duration-ms="1" started-at="2021-08-28T17:58:36Z" finished-at="2021-08-28T17:58:36Z">
          <params>
            <param index="0">
              <value>
                <![CDATA[BankMasterUser@gmail.com]]>
              </value>
            </param>
            <param index="1">
              <value>
                <![CDATA[BankMasterID101]]>
              </value>
            </param>
            <param index="2">
              <value>
                <![CDATA[HDFCBankUser@gmail.com]]>
              </value>
            </param>
            <param index="3">
              <value>
                <![CDATA[HDFCID102]]>
              </value>
            </param>
          </params>
          <reporter-output>
          </reporter-output>
        </test-method> <!-- homeLoan -->
        <test-method status="PASS" signature="readWriteMethod()[pri:0, instance:learning.framework.HDFCBank@79b4d0f]" name="readWriteMethod" duration-ms="3" started-at="2021-08-28T17:58:36Z" finished-at="2021-08-28T17:58:36Z">
          <reporter-output>
          </reporter-output>
        </test-method> <!-- readWriteMethod -->
      </class> <!-- learning.framework.HDFCBank -->
      <class name="learning.framework.HDFCBankCreditCard">
        <test-method status="PASS" signature="bftLoan()[pri:0, instance:learning.framework.HDFCBankCreditCard@6b2fad11]" name="bftLoan" is-config="true" duration-ms="0" started-at="2021-08-28T17:58:36Z" finished-at="2021-08-28T17:58:36Z">
          <reporter-output>
          </reporter-output>
        </test-method> <!-- bftLoan -->
        <test-method status="PASS" signature="cardOffers()[pri:0, instance:learning.framework.HDFCBankCreditCard@6b2fad11]" name="cardOffers" duration-ms="0" started-at="2021-08-28T17:58:36Z" finished-at="2021-08-28T17:58:36Z">
          <reporter-output>
          </reporter-output>
        </test-method> <!-- cardOffers -->
        <test-method status="PASS" signature="aftLoan()[pri:0, instance:learning.framework.HDFCBankCreditCard@6b2fad11]" name="aftLoan" is-config="true" duration-ms="1" started-at="2021-08-28T17:58:36Z" finished-at="2021-08-28T17:58:36Z">
          <reporter-output>
          </reporter-output>
        </test-method> <!-- aftLoan -->
        <test-method status="PASS" signature="cardStatements()[pri:0, instance:learning.framework.HDFCBankCreditCard@6b2fad11]" name="cardStatements" duration-ms="0" started-at="2021-08-28T17:58:36Z" finished-at="2021-08-28T17:58:36Z">
          <reporter-output>
          </reporter-output>
        </test-method> <!-- cardStatements -->
        <test-method status="PASS" signature="bftLoan()[pri:0, instance:learning.framework.HDFCBankCreditCard@6b2fad11]" name="bftLoan" is-config="true" duration-ms="0" started-at="2021-08-28T17:58:36Z" finished-at="2021-08-28T17:58:36Z">
          <reporter-output>
          </reporter-output>
        </test-method> <!-- bftLoan -->
        <test-method status="PASS" signature="aftLoan()[pri:0, instance:learning.framework.HDFCBankCreditCard@6b2fad11]" name="aftLoan" is-config="true" duration-ms="0" started-at="2021-08-28T17:58:36Z" finished-at="2021-08-28T17:58:36Z">
          <reporter-output>
          </reporter-output>
        </test-method> <!-- aftLoan -->
        <test-method status="PASS" signature="creditCardCharges()[pri:0, instance:learning.framework.HDFCBankCreditCard@6b2fad11]" name="creditCardCharges" duration-ms="0" started-at="2021-08-28T17:58:36Z" finished-at="2021-08-28T17:58:36Z">
          <reporter-output>
          </reporter-output>
        </test-method> <!-- creditCardCharges -->
        <test-method status="PASS" signature="bftLoan()[pri:0, instance:learning.framework.HDFCBankCreditCard@6b2fad11]" name="bftLoan" is-config="true" duration-ms="0" started-at="2021-08-28T17:58:36Z" finished-at="2021-08-28T17:58:36Z">
          <reporter-output>
          </reporter-output>
        </test-method> <!-- bftLoan -->
        <test-method status="PASS" signature="aftLoan()[pri:0, instance:learning.framework.HDFCBankCreditCard@6b2fad11]" name="aftLoan" is-config="true" duration-ms="0" started-at="2021-08-28T17:58:36Z" finished-at="2021-08-28T17:58:36Z">
          <reporter-output>
          </reporter-output>
        </test-method> <!-- aftLoan -->
      </class> <!-- learning.framework.HDFCBankCreditCard -->
    </test> <!-- HDFC Bank Details -->
    <test name="SBI Bank Details" duration-ms="46" started-at="2021-08-28T17:58:36Z" finished-at="2021-08-28T17:58:36Z">
      <class name="learning.framework.SBIBank">
        <test-method status="PASS" signature="homeLoan()[pri:0, instance:learning.framework.SBIBank@3a03464]" name="homeLoan" duration-ms="1" started-at="2021-08-28T17:58:36Z" finished-at="2021-08-28T17:58:36Z">
          <reporter-output>
          </reporter-output>
        </test-method> <!-- homeLoan -->
        <test-method status="PASS" signature="educationLoan()[pri:0, instance:learning.framework.SBIBank@3a03464]" name="educationLoan" duration-ms="1" started-at="2021-08-28T17:58:36Z" depends-on-methods="learning.framework.SBIBank.homeLoan" finished-at="2021-08-28T17:58:36Z">
          <reporter-output>
          </reporter-output>
        </test-method> <!-- educationLoan -->
        <test-method status="PASS" signature="carLoan()[pri:0, instance:learning.framework.SBIBank@3a03464]" name="carLoan" duration-ms="0" started-at="2021-08-28T17:58:36Z" depends-on-methods="learning.framework.SBIBank.educationLoan, learning.framework.SBIBank.homeLoan" finished-at="2021-08-28T17:58:36Z">
          <reporter-output>
          </reporter-output>
        </test-method> <!-- carLoan -->
      </class> <!-- learning.framework.SBIBank -->
      <class name="learning.framework.SBIBankCreditCard">
        <test-method status="PASS" signature="cardOffers()[pri:0, instance:learning.framework.SBIBankCreditCard@4909b8da]" name="cardOffers" duration-ms="1" started-at="2021-08-28T17:58:36Z" finished-at="2021-08-28T17:58:36Z">
          <reporter-output>
          </reporter-output>
        </test-method> <!-- cardOffers -->
        <test-method status="PASS" signature="cardStatements()[pri:0, instance:learning.framework.SBIBankCreditCard@4909b8da]" name="cardStatements" duration-ms="1" started-at="2021-08-28T17:58:36Z" finished-at="2021-08-28T17:58:36Z">
          <reporter-output>
          </reporter-output>
        </test-method> <!-- cardStatements -->
        <test-method status="FAIL" signature="creditCardCharges()[pri:0, instance:learning.framework.SBIBankCreditCard@4909b8da]" name="creditCardCharges" duration-ms="11" started-at="2021-08-28T17:58:36Z" finished-at="2021-08-28T17:58:36Z">
          <exception class="java.lang.AssertionError">
            <message>
              <![CDATA[expected [true] but found [false]]]>
            </message>
            <full-stacktrace>
              <![CDATA[java.lang.AssertionError: expected [true] but found [false]
at org.testng.Assert.fail(Assert.java:96)
at org.testng.Assert.failNotEquals(Assert.java:776)
at org.testng.Assert.assertTrue(Assert.java:44)
at org.testng.Assert.assertTrue(Assert.java:54)
at learning.framework.SBIBankCreditCard.creditCardCharges(SBIBankCreditCard.java:33)
at sun.reflect.NativeMethodAccessorImpl.invoke0(Native Method)
at sun.reflect.NativeMethodAccessorImpl.invoke(NativeMethodAccessorImpl.java:62)
at sun.reflect.DelegatingMethodAccessorImpl.invoke(DelegatingMethodAccessorImpl.java:43)
at java.lang.reflect.Method.invoke(Method.java:498)
at org.testng.internal.MethodInvocationHelper.invokeMethod(MethodInvocationHelper.java:124)
at org.testng.internal.Invoker.invokeMethod(Invoker.java:583)
at org.testng.internal.Invoker.invokeTestMethod(Invoker.java:719)
at org.testng.internal.Invoker.invokeTestMethods(Invoker.java:989)
at org.testng.internal.TestMethodWorker.invokeTestMethods(TestMethodWorker.java:125)
at org.testng.internal.TestMethodWorker.run(TestMethodWorker.java:109)
at org.testng.TestRunner.privateRun(TestRunner.java:648)
at org.testng.TestRunner.run(TestRunner.java:505)
at org.testng.SuiteRunner.runTest(SuiteRunner.java:455)
at org.testng.SuiteRunner.runSequentially(SuiteRunner.java:450)
at org.testng.SuiteRunner.privateRun(SuiteRunner.java:415)
at org.testng.SuiteRunner.run(SuiteRunner.java:364)
at org.testng.SuiteRunnerWorker.runSuite(SuiteRunnerWorker.java:52)
at org.testng.SuiteRunnerWorker.run(SuiteRunnerWorker.java:84)
at org.testng.TestNG.runSuitesSequentially(TestNG.java:1208)
at org.testng.TestNG.runSuitesLocally(TestNG.java:1137)
at org.testng.TestNG.runSuites(TestNG.java:1049)
at org.testng.TestNG.run(TestNG.java:1017)
at org.apache.maven.surefire.testng.TestNGExecutor.run(TestNGExecutor.java:283)
at org.apache.maven.surefire.testng.TestNGXmlTestSuite.execute(TestNGXmlTestSuite.java:75)
at org.apache.maven.surefire.testng.TestNGProvider.invoke(TestNGProvider.java:120)
at org.apache.maven.surefire.booter.ForkedBooter.invokeProviderInSameClassLoader(ForkedBooter.java:384)
at org.apache.maven.surefire.booter.ForkedBooter.runSuitesInProcess(ForkedBooter.java:345)
at org.apache.maven.surefire.booter.ForkedBooter.execute(ForkedBooter.java:126)
at org.apache.maven.surefire.booter.ForkedBooter.main(ForkedBooter.java:418)
]]>
            </full-stacktrace>
          </exception> <!-- java.lang.AssertionError -->
          <reporter-output>
          </reporter-output>
        </test-method> <!-- creditCardCharges -->
      </class> <!-- learning.framework.SBIBankCreditCard -->
    </test> <!-- SBI Bank Details -->
    <test name="ICICI Bank Details" duration-ms="34" started-at="2021-08-28T17:58:36Z" finished-at="2021-08-28T17:58:36Z">
      <class name="learning.framework.ICICIBank">
        <test-method status="PASS" signature="bftLoan()[pri:0, instance:learning.framework.ICICIBank@531be3c5]" name="bftLoan" is-config="true" duration-ms="1" started-at="2021-08-28T17:58:36Z" finished-at="2021-08-28T17:58:36Z">
          <reporter-output>
          </reporter-output>
        </test-method> <!-- bftLoan -->
        <test-method status="PASS" signature="carLoan()[pri:0, instance:learning.framework.ICICIBank@531be3c5]" name="carLoan" duration-ms="1" started-at="2021-08-28T17:58:36Z" finished-at="2021-08-28T17:58:36Z">
          <reporter-output>
          </reporter-output>
        </test-method> <!-- carLoan -->
        <test-method status="PASS" signature="educationLoan()[pri:0, instance:learning.framework.ICICIBank@531be3c5]" name="educationLoan" duration-ms="1" started-at="2021-08-28T17:58:36Z" finished-at="2021-08-28T17:58:36Z">
          <reporter-output>
          </reporter-output>
        </test-method> <!-- educationLoan -->
        <test-method status="PASS" signature="homeLoan(java.lang.String, java.lang.String)[pri:0, instance:learning.framework.ICICIBank@531be3c5]" name="homeLoan" duration-ms="1" started-at="2021-08-28T17:58:36Z" data-provider="getData" finished-at="2021-08-28T17:58:36Z">
          <params>
            <param index="0">
              <value>
                <![CDATA[BankManagerID]]>
              </value>
            </param>
            <param index="1">
              <value>
                <![CDATA[BankManagerPass@123]]>
              </value>
            </param>
          </params>
          <reporter-output>
          </reporter-output>
        </test-method> <!-- homeLoan -->
        <test-method status="PASS" signature="homeLoan(java.lang.String, java.lang.String)[pri:0, instance:learning.framework.ICICIBank@531be3c5]" name="homeLoan" duration-ms="1" started-at="2021-08-28T17:58:36Z" data-provider="getData" finished-at="2021-08-28T17:58:36Z">
          <params>
            <param index="0">
              <value>
                <![CDATA[BankCashierID]]>
              </value>
            </param>
            <param index="1">
              <value>
                <![CDATA[BankCashierPass@123]]>
              </value>
            </param>
          </params>
          <reporter-output>
          </reporter-output>
        </test-method> <!-- homeLoan -->
        <test-method status="PASS" signature="homeLoan(java.lang.String, java.lang.String)[pri:0, instance:learning.framework.ICICIBank@531be3c5]" name="homeLoan" duration-ms="1" started-at="2021-08-28T17:58:36Z" data-provider="getData" finished-at="2021-08-28T17:58:36Z">
          <params>
            <param index="0">
              <value>
                <![CDATA[BankClerkID]]>
              </value>
            </param>
            <param index="1">
              <value>
                <![CDATA[BankClerkPass@123]]>
              </value>
            </param>
          </params>
          <reporter-output>
          </reporter-output>
        </test-method> <!-- homeLoan -->
        <test-method status="PASS" signature="aftLoan()[pri:0, instance:learning.framework.ICICIBank@531be3c5]" name="aftLoan" is-config="true" duration-ms="1" started-at="2021-08-28T17:58:36Z" finished-at="2021-08-28T17:58:36Z">
          <reporter-output>
          </reporter-output>
        </test-method> <!-- aftLoan -->
      </class> <!-- learning.framework.ICICIBank -->
      <class name="learning.framework.SBIBankCreditCard">
        <test-method status="PASS" signature="bftLoan()[pri:0, instance:learning.framework.SBIBankCreditCard@4909b8da]" name="bftLoan" is-config="true" duration-ms="26" started-at="2021-08-28T17:58:36Z" finished-at="2021-08-28T17:58:36Z">
          <reporter-output>
          </reporter-output>
        </test-method> <!-- bftLoan -->
        <test-method status="PASS" signature="aftLoan()[pri:0, instance:learning.framework.SBIBankCreditCard@4909b8da]" name="aftLoan" is-config="true" duration-ms="0" started-at="2021-08-28T17:58:36Z" finished-at="2021-08-28T17:58:36Z">
          <reporter-output>
          </reporter-output>
        </test-method> <!-- aftLoan -->
      </class> <!-- learning.framework.SBIBankCreditCard -->
      <class name="learning.framework.ICICIBankCreditCard">
        <test-method status="PASS" signature="cardOffers()[pri:0, instance:learning.framework.ICICIBankCreditCard@52af6cff]" name="cardOffers" duration-ms="1" started-at="2021-08-28T17:58:36Z" finished-at="2021-08-28T17:58:36Z">
          <reporter-output>
          </reporter-output>
        </test-method> <!-- cardOffers -->
        <test-method status="PASS" signature="cardStatements()[pri:0, instance:learning.framework.ICICIBankCreditCard@52af6cff]" name="cardStatements" duration-ms="1" started-at="2021-08-28T17:58:36Z" finished-at="2021-08-28T17:58:36Z">
          <reporter-output>
          </reporter-output>
        </test-method> <!-- cardStatements -->
        <test-method status="PASS" signature="creditCardCharges()[pri:0, instance:learning.framework.ICICIBankCreditCard@52af6cff]" name="creditCardCharges" duration-ms="1" started-at="2021-08-28T17:58:36Z" finished-at="2021-08-28T17:58:36Z">
          <reporter-output>
          </reporter-output>
        </test-method> <!-- creditCardCharges -->
      </class> <!-- learning.framework.ICICIBankCreditCard -->
    </test> <!-- ICICI Bank Details -->
  </suite> <!-- BankLoans -->
</testng-results>
