<?xml version="1.0" encoding="UTF-8"?>
<testsuite xmlns:xsi="http://www.w3.org/2001/XMLSchema-instance" xsi:noNamespaceSchemaLocation="https://maven.apache.org/surefire/maven-surefire-plugin/xsd/surefire-test-report.xsd" name="learning.framework.SBIBankTest" time="0.693" tests="3" errors="0" skipped="0" failures="0">
  <properties>
[...]
</properties>
  <testcase name="homeLoan" classname="learning.framework.SBIBankTest" time="0.015"/>
  <testcase name="educationLoan" classname="learning.framework.SBIBankTest" time="0"/>
  <testcase name="carLoan" classname="learning.framework.SBIBankTest" time="0.001"/>
</testsuite>