-------------------------------------------------------------------------------
Test set: TestSuite
-------------------------------------------------------------------------------
Tests run: 19, Failures: 1, Errors: 0, Skipped: 0, Time elapsed: 1.862 s <<< FAILURE! - in TestSuite
creditCardCharges(learning.framework.SBIBankCreditCard)  Time elapsed: 0.022 s  <<< FAILURE!
java.lang.AssertionError: expected [true] but found [false]
	at learning.framework.SBIBankCreditCard.creditCardCharges(SBIBankCreditCard.java:33)

