<?xml version="1.0" encoding="UTF-8"?>
<!-- Generated by org.testng.reporters.JUnitXMLReporter -->
<testsuite hostname="W0230784" ignored="2" name="HDFC Bank Details" tests="5" failures="0" timestamp="28 Aug 2021 17:58:36 GMT" time="0.051" errors="0">
  <testcase name="homeLoan" time="0.001" classname="learning.framework.HDFCBank"/>
  <testcase name="readWriteMethod" time="0.003" classname="learning.framework.HDFCBank"/>
  <testcase name="cardOffers" time="0.0" classname="learning.framework.HDFCBankCreditCard"/>
  <testcase name="cardStatements" time="0.0" classname="learning.framework.HDFCBankCreditCard"/>
  <testcase name="creditCardCharges" time="0.0" classname="learning.framework.HDFCBankCreditCard"/>
  <testcase name="educationLoan" time="0.0" classname="learning.framework.HDFCBank">
    <ignored/>
  </testcase> <!-- educationLoan -->
  <testcase name="carLoan" time="0.0" classname="learning.framework.HDFCBank">
    <ignored/>
  </testcase> <!-- carLoan -->
</testsuite> <!-- HDFC Bank Details -->
