<?xml version="1.0" encoding="UTF-8"?>
<!-- Generated by org.testng.reporters.JUnitXMLReporter -->
<testsuite hostname="W0230784" ignored="0" name="ICICI Bank Details" tests="8" failures="0" timestamp="28 Aug 2021 17:58:36 GMT" time="0.034" errors="0">
  <testcase name="carLoan" time="0.001" classname="learning.framework.ICICIBank"/>
  <testcase name="educationLoan" time="0.001" classname="learning.framework.ICICIBank"/>
  <testcase name="homeLoan" time="0.001" classname="learning.framework.ICICIBank"/>
  <testcase name="homeLoan" time="0.001" classname="learning.framework.ICICIBank"/>
  <testcase name="homeLoan" time="0.001" classname="learning.framework.ICICIBank"/>
  <testcase name="cardOffers" time="0.001" classname="learning.framework.ICICIBankCreditCard"/>
  <testcase name="cardStatements" time="0.001" classname="learning.framework.ICICIBankCreditCard"/>
  <testcase name="creditCardCharges" time="0.001" classname="learning.framework.ICICIBankCreditCard"/>
</testsuite> <!-- ICICI Bank Details -->
